# JRE version: OpenJDK Runtime Environment Temurin-17.0.11+9 (17.0.11+9) (build 17.0.11+9)
# Java VM: OpenJDK 64-Bit Server VM Temurin-17.0.11+9 (17.0.11+9, mixed mode, emulated-client, tiered, compressed oops, compressed class ptrs, g1 gc, windows-amd64)
GC Precious Log:
 CPUs: 4 total, 4 available
 Memory: 8135M
 Large Page Support: Disabled
 NUMA Support: Disabled
 Compressed Oops: Enabled (32-bit)
 Heap Region Size: 1M
 Heap Min Capacity: 8M
 Heap Initial Capacity: 128M
 Heap Max Capacity: 1G
 Pre-touch: Disabled
 Parallel Workers: 4
 Concurrent Workers: 1
 Concurrent Refinement Workers: 4
 Periodic GC: Disabled
Heap:
 garbage-first heap   total 76800K, used 38815K [0x00000000c0000000, 0x0000000100000000)
  region size 1024K, 1 young (1024K), 0 survivors (0K)
 Metaspace       used 61087K, committed 61696K, reserved 1114112K
  class space    used 7303K, committed 7552K, reserved 1048576K
GC Heap History (20 events):
Event: 212.195 GC heap before
{Heap before GC invocations=29 (full 5):
 garbage-first heap   total 76800K, used 38803K [0x00000000c0000000, 0x0000000100000000)
  region size 1024K, 1 young (1024K), 0 survivors (0K)
 Metaspace       used 61038K, committed 61632K, reserved 1114112K
  class space    used 7298K, committed 7552K, reserved 1048576K
}
Event: 212.218 GC heap after
{Heap after GC invocations=30 (full 6):
 garbage-first heap   total 76800K, used 38803K [0x00000000c0000000, 0x0000000100000000)
  region size 1024K, 0 young (0K), 0 survivors (0K)
 Metaspace       used 61038K, committed 61632K, reserved 1114112K
  class space    used 7298K, committed 7552K, reserved 1048576K
}
Event: 222.331 GC heap before
{Heap before GC invocations=30 (full 6):
 garbage-first heap   total 76800K, used 38803K [0x00000000c0000000, 0x0000000100000000)
  region size 1024K, 1 young (1024K), 0 survivors (0K)
 Metaspace       used 61038K, committed 61632K, reserved 1114112K
  class space    used 7298K, committed 7552K, reserved 1048576K
}
Event: 222.355 GC heap after
{Heap after GC invocations=31 (full 7):
 garbage-first heap   total 76800K, used 38803K [0x00000000c0000000, 0x0000000100000000)
  region size 1024K, 0 young (0K), 0 survivors (0K)
 Metaspace       used 61038K, committed 61632K, reserved 1114112K
  class space    used 7298K, committed 7552K, reserved 1048576K
}
Event: 232.904 GC heap before
{Heap before GC invocations=31 (full 7):
 garbage-first heap   total 76800K, used 38803K [0x00000000c0000000, 0x0000000100000000)
  region size 1024K, 1 young (1024K), 0 survivors (0K)
 Metaspace       used 61038K, committed 61632K, reserved 1114112K
  class space    used 7298K, committed 7552K, reserved 1048576K
}
Event: 232.927 GC heap after
{Heap after GC invocations=32 (full 8):
 garbage-first heap   total 76800K, used 38803K [0x00000000c0000000, 0x0000000100000000)
  region size 1024K, 0 young (0K), 0 survivors (0K)
 Metaspace       used 61038K, committed 61632K, reserved 1114112K
  class space    used 7298K, committed 7552K, reserved 1048576K
}
Event: 243.317 GC heap before
{Heap before GC invocations=32 (full 8):
 garbage-first heap   total 76800K, used 38803K [0x00000000c0000000, 0x0000000100000000)
  region size 1024K, 1 young (1024K), 0 survivors (0K)
 Metaspace       used 61038K, committed 61632K, reserved 1114112K
  class space    used 7298K, committed 7552K, reserved 1048576K
}
Event: 243.341 GC heap after
{Heap after GC invocations=33 (full 9):
 garbage-first heap   total 76800K, used 38803K [0x00000000c0000000, 0x0000000100000000)
  region size 1024K, 0 young (0K), 0 survivors (0K)
 Metaspace       used 61038K, committed 61632K, reserved 1114112K
  class space    used 7298K, committed 7552K, reserved 1048576K
}
Event: 314.232 GC heap before
{Heap before GC invocations=33 (full 9):
 garbage-first heap   total 76800K, used 39827K [0x00000000c0000000, 0x0000000100000000)
  region size 1024K, 2 young (2048K), 0 survivors (0K)
 Metaspace       used 61087K, committed 61696K, reserved 1114112K
  class space    used 7303K, committed 7552K, reserved 1048576K
}
Event: 314.256 GC heap after
{Heap after GC invocations=34 (full 10):
 garbage-first heap   total 76800K, used 38859K [0x00000000c0000000, 0x0000000100000000)
  region size 1024K, 0 young (0K), 0 survivors (0K)
 Metaspace       used 61087K, committed 61696K, reserved 1114112K
  class space    used 7303K, committed 7552K, reserved 1048576K
}
Event: 325.366 GC heap before
{Heap before GC invocations=34 (full 10):
 garbage-first heap   total 76800K, used 38859K [0x00000000c0000000, 0x0000000100000000)
  region size 1024K, 1 young (1024K), 0 survivors (0K)
 Metaspace       used 61087K, committed 61696K, reserved 1114112K
  class space    used 7303K, committed 7552K, reserved 1048576K
}
Event: 325.390 GC heap after
{Heap after GC invocations=35 (full 11):
 garbage-first heap   total 76800K, used 38815K [0x00000000c0000000, 0x0000000100000000)
  region size 1024K, 0 young (0K), 0 survivors (0K)
 Metaspace       used 61087K, committed 61696K, reserved 1114112K
  class space    used 7303K, committed 7552K, reserved 1048576K
}
Event: 337.855 GC heap before
{Heap before GC invocations=35 (full 11):
 garbage-first heap   total 76800K, used 38815K [0x00000000c0000000, 0x0000000100000000)
  region size 1024K, 1 young (1024K), 0 survivors (0K)
 Metaspace       used 61087K, committed 61696K, reserved 1114112K
  class space    used 7303K, committed 7552K, reserved 1048576K
}
Event: 337.879 GC heap after
{Heap after GC invocations=36 (full 12):
 garbage-first heap   total 76800K, used 38815K [0x00000000c0000000, 0x0000000100000000)
  region size 1024K, 0 young (0K), 0 survivors (0K)
 Metaspace       used 61087K, committed 61696K, reserved 1114112K
  class space    used 7303K, committed 7552K, reserved 1048576K
}
Event: 348.341 GC heap before
{Heap before GC invocations=36 (full 12):
 garbage-first heap   total 76800K, used 38815K [0x00000000c0000000, 0x0000000100000000)
  region size 1024K, 1 young (1024K), 0 survivors (0K)
 Metaspace       used 61087K, committed 61696K, reserved 1114112K
  class space    used 7303K, committed 7552K, reserved 1048576K
}
Event: 348.366 GC heap after
{Heap after GC invocations=37 (full 13):
 garbage-first heap   total 76800K, used 38815K [0x00000000c0000000, 0x0000000100000000)
  region size 1024K, 0 young (0K), 0 survivors (0K)
 Metaspace       used 61087K, committed 61696K, reserved 1114112K
  class space    used 7303K, committed 7552K, reserved 1048576K
}
Event: 359.117 GC heap before
{Heap before GC invocations=37 (full 13):
 garbage-first heap   total 76800K, used 38815K [0x00000000c0000000, 0x0000000100000000)
  region size 1024K, 1 young (1024K), 0 survivors (0K)
 Metaspace       used 61087K, committed 61696K, reserved 1114112K
  class space    used 7303K, committed 7552K, reserved 1048576K
}
Event: 359.140 GC heap after
{Heap after GC invocations=38 (full 14):
 garbage-first heap   total 76800K, used 38815K [0x00000000c0000000, 0x0000000100000000)
  region size 1024K, 0 young (0K), 0 survivors (0K)
 Metaspace       used 61087K, committed 61696K, reserved 1114112K
  class space    used 7303K, committed 7552K, reserved 1048576K
}
Event: 369.767 GC heap before
{Heap before GC invocations=38 (full 14):
 garbage-first heap   total 76800K, used 38815K [0x00000000c0000000, 0x0000000100000000)
  region size 1024K, 1 young (1024K), 0 survivors (0K)
 Metaspace       used 61087K, committed 61696K, reserved 1114112K
  class space    used 7303K, committed 7552K, reserved 1048576K
}
Event: 369.790 GC heap after
{Heap after GC invocations=39 (full 15):
 garbage-first heap   total 76800K, used 38815K [0x00000000c0000000, 0x0000000100000000)
  region size 1024K, 0 young (0K), 0 survivors (0K)
 Metaspace       used 61087K, committed 61696K, reserved 1114112K
  class space    used 7303K, committed 7552K, reserved 1048576K
}

