# JRE version: OpenJDK Runtime Environment Temurin-17.0.11+9 (17.0.11+9) (build 17.0.11+9)
# Java VM: OpenJDK 64-Bit Server VM Temurin-17.0.11+9 (17.0.11+9, mixed mode, emulated-client, tiered, compressed oops, compressed class ptrs, g1 gc, windows-amd64)
GC Precious Log:
 CPUs: 4 total, 4 available
 Memory: 8135M
 Large Page Support: Disabled
 NUMA Support: Disabled
 Compressed Oops: Enabled (32-bit)
 Heap Region Size: 1M
 Heap Min Capacity: 8M
 Heap Initial Capacity: 128M
 Heap Max Capacity: 1G
 Pre-touch: Disabled
 Parallel Workers: 4
 Concurrent Workers: 1
 Concurrent Refinement Workers: 4
 Periodic GC: Disabled
Heap:
 garbage-first heap   total 92160K, used 36123K [0x00000000c0000000, 0x0000000100000000)
  region size 1024K, 1 young (1024K), 0 survivors (0K)
 Metaspace       used 60407K, committed 61120K, reserved 1114112K
  class space    used 7215K, committed 7488K, reserved 1048576K
GC Heap History (20 events):
Event: 28.825 GC heap before
{Heap before GC invocations=12 (full 0):
 garbage-first heap   total 71680K, used 56937K [0x00000000c0000000, 0x0000000100000000)
  region size 1024K, 28 young (28672K), 4 survivors (4096K)
 Metaspace       used 47695K, committed 48128K, reserved 1114112K
  class space    used 5726K, committed 5952K, reserved 1048576K
}
Event: 28.830 GC heap after
{Heap after GC invocations=13 (full 0):
 garbage-first heap   total 71680K, used 38676K [0x00000000c0000000, 0x0000000100000000)
  region size 1024K, 4 young (4096K), 4 survivors (4096K)
 Metaspace       used 47695K, committed 48128K, reserved 1114112K
  class space    used 5726K, committed 5952K, reserved 1048576K
}
Event: 28.915 GC heap before
{Heap before GC invocations=13 (full 0):
 garbage-first heap   total 71680K, used 54036K [0x00000000c0000000, 0x0000000100000000)
  region size 1024K, 20 young (20480K), 4 survivors (4096K)
 Metaspace       used 50618K, committed 51072K, reserved 1114112K
  class space    used 6040K, committed 6208K, reserved 1048576K
}
Event: 28.918 GC heap after
{Heap after GC invocations=14 (full 0):
 garbage-first heap   total 71680K, used 40743K [0x00000000c0000000, 0x0000000100000000)
  region size 1024K, 2 young (2048K), 2 survivors (2048K)
 Metaspace       used 50618K, committed 51072K, reserved 1114112K
  class space    used 6040K, committed 6208K, reserved 1048576K
}
Event: 29.449 GC heap before
{Heap before GC invocations=15 (full 0):
 garbage-first heap   total 75776K, used 55079K [0x00000000c0000000, 0x0000000100000000)
  region size 1024K, 17 young (17408K), 2 survivors (2048K)
 Metaspace       used 55903K, committed 56384K, reserved 1114112K
  class space    used 6685K, committed 6912K, reserved 1048576K
}
Event: 29.451 GC heap after
{Heap after GC invocations=16 (full 0):
 garbage-first heap   total 75776K, used 41666K [0x00000000c0000000, 0x0000000100000000)
  region size 1024K, 2 young (2048K), 2 survivors (2048K)
 Metaspace       used 55903K, committed 56384K, reserved 1114112K
  class space    used 6685K, committed 6912K, reserved 1048576K
}
Event: 29.888 GC heap before
{Heap before GC invocations=16 (full 0):
 garbage-first heap   total 75776K, used 58050K [0x00000000c0000000, 0x0000000100000000)
  region size 1024K, 18 young (18432K), 2 survivors (2048K)
 Metaspace       used 57026K, committed 57472K, reserved 1114112K
  class space    used 6823K, committed 7040K, reserved 1048576K
}
Event: 29.890 GC heap after
{Heap after GC invocations=17 (full 0):
 garbage-first heap   total 75776K, used 42607K [0x00000000c0000000, 0x0000000100000000)
  region size 1024K, 3 young (3072K), 3 survivors (3072K)
 Metaspace       used 57026K, committed 57472K, reserved 1114112K
  class space    used 6823K, committed 7040K, reserved 1048576K
}
Event: 30.158 GC heap before
{Heap before GC invocations=18 (full 0):
 garbage-first heap   total 76800K, used 57967K [0x00000000c0000000, 0x0000000100000000)
  region size 1024K, 19 young (19456K), 3 survivors (3072K)
 Metaspace       used 58026K, committed 58496K, reserved 1114112K
  class space    used 6945K, committed 7168K, reserved 1048576K
}
Event: 30.163 GC heap after
{Heap after GC invocations=19 (full 0):
 garbage-first heap   total 76800K, used 44388K [0x00000000c0000000, 0x0000000100000000)
  region size 1024K, 3 young (3072K), 3 survivors (3072K)
 Metaspace       used 58026K, committed 58496K, reserved 1114112K
  class space    used 6945K, committed 7168K, reserved 1048576K
}
Event: 30.394 GC heap before
{Heap before GC invocations=19 (full 0):
 garbage-first heap   total 76800K, used 59748K [0x00000000c0000000, 0x0000000100000000)
  region size 1024K, 19 young (19456K), 3 survivors (3072K)
 Metaspace       used 59925K, committed 60416K, reserved 1114112K
  class space    used 7135K, committed 7360K, reserved 1048576K
}
Event: 30.396 GC heap after
{Heap after GC invocations=20 (full 0):
 garbage-first heap   total 92160K, used 46084K [0x00000000c0000000, 0x0000000100000000)
  region size 1024K, 2 young (2048K), 2 survivors (2048K)
 Metaspace       used 59925K, committed 60416K, reserved 1114112K
  class space    used 7135K, committed 7360K, reserved 1048576K
}
Event: 65.147 GC heap before
{Heap before GC invocations=21 (full 0):
 garbage-first heap   total 92160K, used 59396K [0x00000000c0000000, 0x0000000100000000)
  region size 1024K, 16 young (16384K), 2 survivors (2048K)
 Metaspace       used 60611K, committed 61120K, reserved 1114112K
  class space    used 7262K, committed 7488K, reserved 1048576K
}
Event: 65.174 GC heap after
{Heap after GC invocations=22 (full 1):
 garbage-first heap   total 92160K, used 41654K [0x00000000c0000000, 0x0000000100000000)
  region size 1024K, 0 young (0K), 0 survivors (0K)
 Metaspace       used 60611K, committed 61120K, reserved 1114112K
  class space    used 7262K, committed 7488K, reserved 1048576K
}
Event: 75.516 GC heap before
{Heap before GC invocations=22 (full 1):
 garbage-first heap   total 92160K, used 41654K [0x00000000c0000000, 0x0000000100000000)
  region size 1024K, 1 young (1024K), 0 survivors (0K)
 Metaspace       used 60611K, committed 61120K, reserved 1114112K
  class space    used 7262K, committed 7488K, reserved 1048576K
}
Event: 75.551 GC heap after
{Heap after GC invocations=23 (full 2):
 garbage-first heap   total 92160K, used 39161K [0x00000000c0000000, 0x0000000100000000)
  region size 1024K, 0 young (0K), 0 survivors (0K)
 Metaspace       used 60527K, committed 61120K, reserved 1114112K
  class space    used 7241K, committed 7488K, reserved 1048576K
}
Event: 139.161 GC heap before
{Heap before GC invocations=23 (full 2):
 garbage-first heap   total 92160K, used 41209K [0x00000000c0000000, 0x0000000100000000)
  region size 1024K, 3 young (3072K), 0 survivors (0K)
 Metaspace       used 60561K, committed 61120K, reserved 1114112K
  class space    used 7249K, committed 7488K, reserved 1048576K
}
Event: 139.188 GC heap after
{Heap after GC invocations=24 (full 3):
 garbage-first heap   total 92160K, used 38149K [0x00000000c0000000, 0x0000000100000000)
  region size 1024K, 0 young (0K), 0 survivors (0K)
 Metaspace       used 60561K, committed 61120K, reserved 1114112K
  class space    used 7249K, committed 7488K, reserved 1048576K
}
Event: 149.344 GC heap before
{Heap before GC invocations=24 (full 3):
 garbage-first heap   total 92160K, used 38149K [0x00000000c0000000, 0x0000000100000000)
  region size 1024K, 1 young (1024K), 0 survivors (0K)
 Metaspace       used 60561K, committed 61120K, reserved 1114112K
  class space    used 7249K, committed 7488K, reserved 1048576K
}
Event: 149.373 GC heap after
{Heap after GC invocations=25 (full 4):
 garbage-first heap   total 92160K, used 36123K [0x00000000c0000000, 0x0000000100000000)
  region size 1024K, 0 young (0K), 0 survivors (0K)
 Metaspace       used 60407K, committed 61120K, reserved 1114112K
  class space    used 7215K, committed 7488K, reserved 1048576K
}

