# JRE version: OpenJDK Runtime Environment Temurin-17.0.11+9 (17.0.11+9) (build 17.0.11+9)
# Java VM: OpenJDK 64-Bit Server VM Temurin-17.0.11+9 (17.0.11+9, mixed mode, emulated-client, tiered, compressed oops, compressed class ptrs, g1 gc, windows-amd64)
GC Precious Log:
 CPUs: 4 total, 4 available
 Memory: 8135M
 Large Page Support: Disabled
 NUMA Support: Disabled
 Compressed Oops: Enabled (32-bit)
 Heap Region Size: 1M
 Heap Min Capacity: 8M
 Heap Initial Capacity: 128M
 Heap Max Capacity: 1G
 Pre-touch: Disabled
 Parallel Workers: 4
 Concurrent Workers: 1
 Concurrent Refinement Workers: 4
 Periodic GC: Disabled
Heap:
 garbage-first heap   total 81920K, used 36561K [0x00000000c0000000, 0x0000000100000000)
  region size 1024K, 1 young (1024K), 0 survivors (0K)
 Metaspace       used 61112K, committed 61568K, reserved 1114112K
  class space    used 7366K, committed 7616K, reserved 1048576K
GC Heap History (20 events):
Event: 108.139 GC heap before
{Heap before GC invocations=21 (full 0):
 garbage-first heap   total 81920K, used 49090K [0x00000000c0000000, 0x0000000100000000)
  region size 1024K, 4 young (4096K), 1 survivors (1024K)
 Metaspace       used 60651K, committed 61120K, reserved 1114112K
  class space    used 7282K, committed 7552K, reserved 1048576K
}
Event: 108.141 GC heap after
{Heap after GC invocations=22 (full 0):
 garbage-first heap   total 81920K, used 45403K [0x00000000c0000000, 0x0000000100000000)
  region size 1024K, 1 young (1024K), 1 survivors (1024K)
 Metaspace       used 60651K, committed 61120K, reserved 1114112K
  class space    used 7282K, committed 7552K, reserved 1048576K
}
Event: 172.387 GC heap before
{Heap before GC invocations=22 (full 0):
 garbage-first heap   total 81920K, used 65883K [0x00000000c0000000, 0x0000000100000000)
  region size 1024K, 21 young (21504K), 1 survivors (1024K)
 Metaspace       used 60692K, committed 61184K, reserved 1114112K
  class space    used 7292K, committed 7552K, reserved 1048576K
}
Event: 172.388 GC heap after
{Heap after GC invocations=23 (full 0):
 garbage-first heap   total 81920K, used 45550K [0x00000000c0000000, 0x0000000100000000)
  region size 1024K, 1 young (1024K), 1 survivors (1024K)
 Metaspace       used 60692K, committed 61184K, reserved 1114112K
  class space    used 7292K, committed 7552K, reserved 1048576K
}
Event: 187.260 GC heap before
{Heap before GC invocations=24 (full 0):
 garbage-first heap   total 81920K, used 67054K [0x00000000c0000000, 0x0000000100000000)
  region size 1024K, 22 young (22528K), 1 survivors (1024K)
 Metaspace       used 60564K, committed 61184K, reserved 1114112K
  class space    used 7263K, committed 7552K, reserved 1048576K
}
Event: 187.261 GC heap after
{Heap after GC invocations=25 (full 0):
 garbage-first heap   total 81920K, used 45467K [0x00000000c0000000, 0x0000000100000000)
  region size 1024K, 1 young (1024K), 1 survivors (1024K)
 Metaspace       used 60564K, committed 61184K, reserved 1114112K
  class space    used 7263K, committed 7552K, reserved 1048576K
}
Event: 214.085 GC heap before
{Heap before GC invocations=25 (full 0):
 garbage-first heap   total 81920K, used 48539K [0x00000000c0000000, 0x0000000100000000)
  region size 1024K, 4 young (4096K), 1 survivors (1024K)
 Metaspace       used 60565K, committed 61184K, reserved 1114112K
  class space    used 7263K, committed 7552K, reserved 1048576K
}
Event: 214.089 GC heap after
{Heap after GC invocations=26 (full 0):
 garbage-first heap   total 81920K, used 41241K [0x00000000c0000000, 0x0000000100000000)
  region size 1024K, 1 young (1024K), 1 survivors (1024K)
 Metaspace       used 60565K, committed 61184K, reserved 1114112K
  class space    used 7263K, committed 7552K, reserved 1048576K
}
Event: 249.154 GC heap before
{Heap before GC invocations=26 (full 0):
 garbage-first heap   total 81920K, used 66841K [0x00000000c0000000, 0x0000000100000000)
  region size 1024K, 26 young (26624K), 1 survivors (1024K)
 Metaspace       used 60656K, committed 61184K, reserved 1114112K
  class space    used 7288K, committed 7552K, reserved 1048576K
}
Event: 249.156 GC heap after
{Heap after GC invocations=27 (full 0):
 garbage-first heap   total 81920K, used 42734K [0x00000000c0000000, 0x0000000100000000)
  region size 1024K, 2 young (2048K), 2 survivors (2048K)
 Metaspace       used 60656K, committed 61184K, reserved 1114112K
  class space    used 7288K, committed 7552K, reserved 1048576K
}
Event: 266.577 GC heap before
{Heap before GC invocations=28 (full 0):
 garbage-first heap   total 81920K, used 67310K [0x00000000c0000000, 0x0000000100000000)
  region size 1024K, 26 young (26624K), 2 survivors (2048K)
 Metaspace       used 61099K, committed 61568K, reserved 1114112K
  class space    used 7370K, committed 7616K, reserved 1048576K
}
Event: 266.580 GC heap after
{Heap after GC invocations=29 (full 0):
 garbage-first heap   total 81920K, used 43272K [0x00000000c0000000, 0x0000000100000000)
  region size 1024K, 3 young (3072K), 3 survivors (3072K)
 Metaspace       used 61099K, committed 61568K, reserved 1114112K
  class space    used 7370K, committed 7616K, reserved 1048576K
}
Event: 268.279 GC heap before
{Heap before GC invocations=29 (full 0):
 garbage-first heap   total 81920K, used 44296K [0x00000000c0000000, 0x0000000100000000)
  region size 1024K, 4 young (4096K), 3 survivors (3072K)
 Metaspace       used 61099K, committed 61568K, reserved 1114112K
  class space    used 7370K, committed 7616K, reserved 1048576K
}
Event: 268.282 GC heap after
{Heap after GC invocations=30 (full 0):
 garbage-first heap   total 81920K, used 43057K [0x00000000c0000000, 0x0000000100000000)
  region size 1024K, 1 young (1024K), 1 survivors (1024K)
 Metaspace       used 61099K, committed 61568K, reserved 1114112K
  class space    used 7370K, committed 7616K, reserved 1048576K
}
Event: 323.304 GC heap before
{Heap before GC invocations=30 (full 0):
 garbage-first heap   total 81920K, used 43057K [0x00000000c0000000, 0x0000000100000000)
  region size 1024K, 2 young (2048K), 1 survivors (1024K)
 Metaspace       used 61152K, committed 61568K, reserved 1114112K
  class space    used 7376K, committed 7616K, reserved 1048576K
}
Event: 323.364 GC heap after
{Heap after GC invocations=31 (full 1):
 garbage-first heap   total 81920K, used 37506K [0x00000000c0000000, 0x0000000100000000)
  region size 1024K, 0 young (0K), 0 survivors (0K)
 Metaspace       used 61152K, committed 61568K, reserved 1114112K
  class space    used 7376K, committed 7616K, reserved 1048576K
}
Event: 365.133 GC heap before
{Heap before GC invocations=31 (full 1):
 garbage-first heap   total 81920K, used 38530K [0x00000000c0000000, 0x0000000100000000)
  region size 1024K, 2 young (2048K), 0 survivors (0K)
 Metaspace       used 61152K, committed 61568K, reserved 1114112K
  class space    used 7376K, committed 7616K, reserved 1048576K
}
Event: 365.166 GC heap after
{Heap after GC invocations=32 (full 2):
 garbage-first heap   total 81920K, used 36561K [0x00000000c0000000, 0x0000000100000000)
  region size 1024K, 0 young (0K), 0 survivors (0K)
 Metaspace       used 61112K, committed 61568K, reserved 1114112K
  class space    used 7366K, committed 7616K, reserved 1048576K
}
Event: 375.342 GC heap before
{Heap before GC invocations=32 (full 2):
 garbage-first heap   total 81920K, used 36561K [0x00000000c0000000, 0x0000000100000000)
  region size 1024K, 1 young (1024K), 0 survivors (0K)
 Metaspace       used 61112K, committed 61568K, reserved 1114112K
  class space    used 7366K, committed 7616K, reserved 1048576K
}
Event: 375.365 GC heap after
{Heap after GC invocations=33 (full 3):
 garbage-first heap   total 81920K, used 36561K [0x00000000c0000000, 0x0000000100000000)
  region size 1024K, 0 young (0K), 0 survivors (0K)
 Metaspace       used 61112K, committed 61568K, reserved 1114112K
  class space    used 7366K, committed 7616K, reserved 1048576K
}

