# JRE version: OpenJDK Runtime Environment Temurin-17.0.11+9 (17.0.11+9) (build 17.0.11+9)
# Java VM: OpenJDK 64-Bit Server VM Temurin-17.0.11+9 (17.0.11+9, mixed mode, emulated-client, tiered, compressed oops, compressed class ptrs, g1 gc, windows-amd64)
GC Precious Log:
 CPUs: 4 total, 4 available
 Memory: 8135M
 Large Page Support: Disabled
 NUMA Support: Disabled
 Compressed Oops: Enabled (32-bit)
 Heap Region Size: 1M
 Heap Min Capacity: 8M
 Heap Initial Capacity: 128M
 Heap Max Capacity: 1G
 Pre-touch: Disabled
 Parallel Workers: 4
 Concurrent Workers: 1
 Concurrent Refinement Workers: 4
 Periodic GC: Disabled
Heap:
 garbage-first heap   total 75776K, used 44963K [0x00000000c0000000, 0x0000000100000000)
  region size 1024K, 28 young (28672K), 6 survivors (6144K)
 Metaspace       used 32127K, committed 32448K, reserved 1114112K
  class space    used 3837K, committed 3968K, reserved 1048576K
GC Heap History (10 events):
Event: 33.419 GC heap before
{Heap before GC invocations=0 (full 0):
 garbage-first heap   total 131072K, used 16384K [0x00000000c0000000, 0x0000000100000000)
  region size 1024K, 13 young (13312K), 0 survivors (0K)
 Metaspace       used 5195K, committed 5312K, reserved 1114112K
  class space    used 437K, committed 512K, reserved 1048576K
}
Event: 33.428 GC heap after
{Heap after GC invocations=1 (full 0):
 garbage-first heap   total 131072K, used 11651K [0x00000000c0000000, 0x0000000100000000)
  region size 1024K, 2 young (2048K), 2 survivors (2048K)
 Metaspace       used 5195K, committed 5312K, reserved 1114112K
  class space    used 437K, committed 512K, reserved 1048576K
}
Event: 44.647 GC heap before
{Heap before GC invocations=1 (full 0):
 garbage-first heap   total 131072K, used 21891K [0x00000000c0000000, 0x0000000100000000)
  region size 1024K, 11 young (11264K), 2 survivors (2048K)
 Metaspace       used 8490K, committed 8704K, reserved 1114112K
  class space    used 816K, committed 896K, reserved 1048576K
}
Event: 44.694 GC heap after
{Heap after GC invocations=2 (full 0):
 garbage-first heap   total 131072K, used 15859K [0x00000000c0000000, 0x0000000100000000)
  region size 1024K, 2 young (2048K), 2 survivors (2048K)
 Metaspace       used 8490K, committed 8704K, reserved 1114112K
  class space    used 816K, committed 896K, reserved 1048576K
}
Event: 47.991 GC heap before
{Heap before GC invocations=2 (full 0):
 garbage-first heap   total 131072K, used 31219K [0x00000000c0000000, 0x0000000100000000)
  region size 1024K, 18 young (18432K), 2 survivors (2048K)
 Metaspace       used 12892K, committed 13056K, reserved 1114112K
  class space    used 1447K, committed 1536K, reserved 1048576K
}
Event: 47.993 GC heap after
{Heap after GC invocations=3 (full 0):
 garbage-first heap   total 131072K, used 17226K [0x00000000c0000000, 0x0000000100000000)
  region size 1024K, 2 young (2048K), 2 survivors (2048K)
 Metaspace       used 12892K, committed 13056K, reserved 1114112K
  class space    used 1447K, committed 1536K, reserved 1048576K
}
Event: 55.151 GC heap before
{Heap before GC invocations=3 (full 0):
 garbage-first heap   total 131072K, used 54090K [0x00000000c0000000, 0x0000000100000000)
  region size 1024K, 39 young (39936K), 2 survivors (2048K)
 Metaspace       used 21269K, committed 21504K, reserved 1114112K
  class space    used 2458K, committed 2624K, reserved 1048576K
}
Event: 55.320 GC heap after
{Heap after GC invocations=4 (full 0):
 garbage-first heap   total 131072K, used 19854K [0x00000000c0000000, 0x0000000100000000)
  region size 1024K, 4 young (4096K), 4 survivors (4096K)
 Metaspace       used 21269K, committed 21504K, reserved 1114112K
  class space    used 2458K, committed 2624K, reserved 1048576K
}
Event: 62.432 GC heap before
{Heap before GC invocations=5 (full 0):
 garbage-first heap   total 75776K, used 60814K [0x00000000c0000000, 0x0000000100000000)
  region size 1024K, 44 young (45056K), 4 survivors (4096K)
 Metaspace       used 29019K, committed 29248K, reserved 1114112K
  class space    used 3433K, committed 3520K, reserved 1048576K
}
Event: 62.438 GC heap after
{Heap after GC invocations=6 (full 0):
 garbage-first heap   total 75776K, used 23459K [0x00000000c0000000, 0x0000000100000000)
  region size 1024K, 6 young (6144K), 6 survivors (6144K)
 Metaspace       used 29019K, committed 29248K, reserved 1114112K
  class space    used 3433K, committed 3520K, reserved 1048576K
}

