# JRE version: OpenJDK Runtime Environment Temurin-17.0.11+9 (17.0.11+9) (build 17.0.11+9)
# Java VM: OpenJDK 64-Bit Server VM Temurin-17.0.11+9 (17.0.11+9, mixed mode, emulated-client, tiered, compressed oops, compressed class ptrs, g1 gc, windows-amd64)
GC Precious Log:
 CPUs: 4 total, 4 available
 Memory: 8135M
 Large Page Support: Disabled
 NUMA Support: Disabled
 Compressed Oops: Enabled (32-bit)
 Heap Region Size: 1M
 Heap Min Capacity: 8M
 Heap Initial Capacity: 128M
 Heap Max Capacity: 1G
 Pre-touch: Disabled
 Parallel Workers: 4
 Concurrent Workers: 1
 Concurrent Refinement Workers: 4
 Periodic GC: Disabled
Heap:
 garbage-first heap   total 107520K, used 36266K [0x00000000c0000000, 0x0000000100000000)
  region size 1024K, 1 young (1024K), 0 survivors (0K)
 Metaspace       used 60360K, committed 61120K, reserved 1114112K
  class space    used 7188K, committed 7488K, reserved 1048576K
GC Heap History (20 events):
Event: 23.006 GC heap before
{Heap before GC invocations=13 (full 0):
 garbage-first heap   total 71680K, used 44129K [0x00000000c0000000, 0x0000000100000000)
  region size 1024K, 12 young (12288K), 4 survivors (4096K)
 Metaspace       used 47892K, committed 48448K, reserved 1114112K
  class space    used 5812K, committed 6080K, reserved 1048576K
}
Event: 23.008 GC heap after
{Heap after GC invocations=14 (full 0):
 garbage-first heap   total 71680K, used 39242K [0x00000000c0000000, 0x0000000100000000)
  region size 1024K, 1 young (1024K), 1 survivors (1024K)
 Metaspace       used 47892K, committed 48448K, reserved 1114112K
  class space    used 5812K, committed 6080K, reserved 1048576K
}
Event: 23.124 GC heap before
{Heap before GC invocations=15 (full 0):
 garbage-first heap   total 73728K, used 55626K [0x00000000c0000000, 0x0000000100000000)
  region size 1024K, 17 young (17408K), 1 survivors (1024K)
 Metaspace       used 50848K, committed 51328K, reserved 1114112K
  class space    used 6096K, committed 6336K, reserved 1048576K
}
Event: 23.125 GC heap after
{Heap after GC invocations=16 (full 0):
 garbage-first heap   total 73728K, used 40299K [0x00000000c0000000, 0x0000000100000000)
  region size 1024K, 2 young (2048K), 2 survivors (2048K)
 Metaspace       used 50848K, committed 51328K, reserved 1114112K
  class space    used 6096K, committed 6336K, reserved 1048576K
}
Event: 23.174 GC heap before
{Heap before GC invocations=16 (full 0):
 garbage-first heap   total 73728K, used 56683K [0x00000000c0000000, 0x0000000100000000)
  region size 1024K, 18 young (18432K), 2 survivors (2048K)
 Metaspace       used 52062K, committed 52544K, reserved 1114112K
  class space    used 6241K, committed 6464K, reserved 1048576K
}
Event: 23.176 GC heap after
{Heap after GC invocations=17 (full 0):
 garbage-first heap   total 73728K, used 41539K [0x00000000c0000000, 0x0000000100000000)
  region size 1024K, 2 young (2048K), 2 survivors (2048K)
 Metaspace       used 52062K, committed 52544K, reserved 1114112K
  class space    used 6241K, committed 6464K, reserved 1048576K
}
Event: 23.265 GC heap before
{Heap before GC invocations=18 (full 0):
 garbage-first heap   total 89088K, used 55875K [0x00000000c0000000, 0x0000000100000000)
  region size 1024K, 17 young (17408K), 2 survivors (2048K)
 Metaspace       used 52910K, committed 53376K, reserved 1114112K
  class space    used 6345K, committed 6592K, reserved 1048576K
}
Event: 23.268 GC heap after
{Heap after GC invocations=19 (full 0):
 garbage-first heap   total 89088K, used 42803K [0x00000000c0000000, 0x0000000100000000)
  region size 1024K, 3 young (3072K), 3 survivors (3072K)
 Metaspace       used 52910K, committed 53376K, reserved 1114112K
  class space    used 6345K, committed 6592K, reserved 1048576K
}
Event: 23.628 GC heap before
{Heap before GC invocations=19 (full 0):
 garbage-first heap   total 89088K, used 70451K [0x00000000c0000000, 0x0000000100000000)
  region size 1024K, 30 young (30720K), 3 survivors (3072K)
 Metaspace       used 58646K, committed 59200K, reserved 1114112K
  class space    used 6989K, committed 7232K, reserved 1048576K
}
Event: 23.632 GC heap after
{Heap after GC invocations=20 (full 0):
 garbage-first heap   total 107520K, used 45108K [0x00000000c0000000, 0x0000000100000000)
  region size 1024K, 4 young (4096K), 4 survivors (4096K)
 Metaspace       used 58646K, committed 59200K, reserved 1114112K
  class space    used 6989K, committed 7232K, reserved 1048576K
}
Event: 63.242 GC heap before
{Heap before GC invocations=21 (full 0):
 garbage-first heap   total 107520K, used 64564K [0x00000000c0000000, 0x0000000100000000)
  region size 1024K, 24 young (24576K), 4 survivors (4096K)
 Metaspace       used 60601K, committed 61120K, reserved 1114112K
  class space    used 7242K, committed 7488K, reserved 1048576K
}
Event: 63.269 GC heap after
{Heap after GC invocations=22 (full 1):
 garbage-first heap   total 107520K, used 40840K [0x00000000c0000000, 0x0000000100000000)
  region size 1024K, 0 young (0K), 0 survivors (0K)
 Metaspace       used 60601K, committed 61120K, reserved 1114112K
  class space    used 7242K, committed 7488K, reserved 1048576K
}
Event: 74.850 GC heap before
{Heap before GC invocations=22 (full 1):
 garbage-first heap   total 107520K, used 40840K [0x00000000c0000000, 0x0000000100000000)
  region size 1024K, 1 young (1024K), 0 survivors (0K)
 Metaspace       used 60601K, committed 61120K, reserved 1114112K
  class space    used 7243K, committed 7488K, reserved 1048576K
}
Event: 74.876 GC heap after
{Heap after GC invocations=23 (full 2):
 garbage-first heap   total 107520K, used 40845K [0x00000000c0000000, 0x0000000100000000)
  region size 1024K, 0 young (0K), 0 survivors (0K)
 Metaspace       used 60601K, committed 61120K, reserved 1114112K
  class space    used 7243K, committed 7488K, reserved 1048576K
}
Event: 85.137 GC heap before
{Heap before GC invocations=23 (full 2):
 garbage-first heap   total 107520K, used 40845K [0x00000000c0000000, 0x0000000100000000)
  region size 1024K, 1 young (1024K), 0 survivors (0K)
 Metaspace       used 60602K, committed 61120K, reserved 1114112K
  class space    used 7243K, committed 7488K, reserved 1048576K
}
Event: 85.166 GC heap after
{Heap after GC invocations=24 (full 3):
 garbage-first heap   total 107520K, used 40843K [0x00000000c0000000, 0x0000000100000000)
  region size 1024K, 0 young (0K), 0 survivors (0K)
 Metaspace       used 60586K, committed 61120K, reserved 1114112K
  class space    used 7239K, committed 7488K, reserved 1048576K
}
Event: 95.271 GC heap before
{Heap before GC invocations=24 (full 3):
 garbage-first heap   total 107520K, used 40843K [0x00000000c0000000, 0x0000000100000000)
  region size 1024K, 1 young (1024K), 0 survivors (0K)
 Metaspace       used 60586K, committed 61120K, reserved 1114112K
  class space    used 7239K, committed 7488K, reserved 1048576K
}
Event: 95.301 GC heap after
{Heap after GC invocations=25 (full 4):
 garbage-first heap   total 107520K, used 39986K [0x00000000c0000000, 0x0000000100000000)
  region size 1024K, 0 young (0K), 0 survivors (0K)
 Metaspace       used 60548K, committed 61120K, reserved 1114112K
  class space    used 7229K, committed 7488K, reserved 1048576K
}
Event: 105.447 GC heap before
{Heap before GC invocations=25 (full 4):
 garbage-first heap   total 107520K, used 39986K [0x00000000c0000000, 0x0000000100000000)
  region size 1024K, 1 young (1024K), 0 survivors (0K)
 Metaspace       used 60548K, committed 61120K, reserved 1114112K
  class space    used 7229K, committed 7488K, reserved 1048576K
}
Event: 105.478 GC heap after
{Heap after GC invocations=26 (full 5):
 garbage-first heap   total 107520K, used 36266K [0x00000000c0000000, 0x0000000100000000)
  region size 1024K, 0 young (0K), 0 survivors (0K)
 Metaspace       used 60360K, committed 61120K, reserved 1114112K
  class space    used 7188K, committed 7488K, reserved 1048576K
}

